{"/Users/leidysanchez/Desktop/laboratoria/BOG002-data-lovers/src/data.js": {"path":"/Users/leidysanchez/Desktop/laboratoria/BOG002-data-lovers/src/data.js","statementMap":{"0":{"start":{"line":8,"column":17},"end":{"line":8,"column":19}},"1":{"start":{"line":9,"column":2},"end":{"line":20,"column":5}},"2":{"start":{"line":11,"column":4},"end":{"line":19,"column":5}},"3":{"start":{"line":12,"column":6},"end":{"line":14,"column":7}},"4":{"start":{"line":13,"column":8},"end":{"line":13,"column":37}},"5":{"start":{"line":16,"column":6},"end":{"line":18,"column":7}},"6":{"start":{"line":17,"column":8},"end":{"line":17,"column":37}},"7":{"start":{"line":21,"column":2},"end":{"line":21,"column":17}},"8":{"start":{"line":31,"column":2},"end":{"line":31,"column":92}},"9":{"start":{"line":31,"column":32},"end":{"line":31,"column":91}},"10":{"start":{"line":42,"column":19},"end":{"line":42,"column":21}},"11":{"start":{"line":43,"column":2},"end":{"line":47,"column":4}},"12":{"start":{"line":44,"column":2},"end":{"line":46,"column":7}},"13":{"start":{"line":45,"column":6},"end":{"line":45,"column":37}},"14":{"start":{"line":48,"column":2},"end":{"line":48,"column":21}},"15":{"start":{"line":58,"column":2},"end":{"line":58,"column":52}},"16":{"start":{"line":58,"column":31},"end":{"line":58,"column":51}},"17":{"start":{"line":68,"column":2},"end":{"line":68,"column":169}},"18":{"start":{"line":68,"column":34},"end":{"line":68,"column":168}},"19":{"start":{"line":79,"column":30},"end":{"line":79,"column":32}},"20":{"start":{"line":81,"column":2},"end":{"line":83,"column":4}},"21":{"start":{"line":82,"column":4},"end":{"line":82,"column":58}},"22":{"start":{"line":84,"column":2},"end":{"line":84,"column":68}},"23":{"start":{"line":86,"column":2},"end":{"line":86,"column":33}},"24":{"start":{"line":96,"column":22},"end":{"line":96,"column":93}},"25":{"start":{"line":96,"column":40},"end":{"line":96,"column":92}},"26":{"start":{"line":97,"column":2},"end":{"line":100,"column":3}},"27":{"start":{"line":98,"column":4},"end":{"line":98,"column":44}},"28":{"start":{"line":101,"column":2},"end":{"line":101,"column":24}}},"fnMap":{"0":{"name":"listaDeportes","decl":{"start":{"line":7,"column":16},"end":{"line":7,"column":29}},"loc":{"start":{"line":7,"column":63},"end":{"line":22,"column":1}},"line":7},"1":{"name":"(anonymous_1)","decl":{"start":{"line":9,"column":23},"end":{"line":9,"column":24}},"loc":{"start":{"line":9,"column":42},"end":{"line":20,"column":3}},"line":9},"2":{"name":"filterData","decl":{"start":{"line":30,"column":16},"end":{"line":30,"column":26}},"loc":{"start":{"line":30,"column":38},"end":{"line":32,"column":1}},"line":30},"3":{"name":"(anonymous_3)","decl":{"start":{"line":31,"column":21},"end":{"line":31,"column":22}},"loc":{"start":{"line":31,"column":32},"end":{"line":31,"column":91}},"line":31},"4":{"name":"listaEventos","decl":{"start":{"line":41,"column":16},"end":{"line":41,"column":28}},"loc":{"start":{"line":41,"column":46},"end":{"line":49,"column":1}},"line":41},"5":{"name":"(anonymous_5)","decl":{"start":{"line":43,"column":27},"end":{"line":43,"column":28}},"loc":{"start":{"line":43,"column":37},"end":{"line":47,"column":3}},"line":43},"6":{"name":"filterEvento","decl":{"start":{"line":57,"column":17},"end":{"line":57,"column":29}},"loc":{"start":{"line":57,"column":41},"end":{"line":59,"column":1}},"line":57},"7":{"name":"(anonymous_7)","decl":{"start":{"line":58,"column":21},"end":{"line":58,"column":22}},"loc":{"start":{"line":58,"column":31},"end":{"line":58,"column":51}},"line":58},"8":{"name":"filterAtletas","decl":{"start":{"line":67,"column":17},"end":{"line":67,"column":30}},"loc":{"start":{"line":67,"column":49},"end":{"line":69,"column":1}},"line":67},"9":{"name":"(anonymous_9)","decl":{"start":{"line":68,"column":22},"end":{"line":68,"column":23}},"loc":{"start":{"line":68,"column":34},"end":{"line":68,"column":168}},"line":68},"10":{"name":"atletasUnicos","decl":{"start":{"line":78,"column":17},"end":{"line":78,"column":30}},"loc":{"start":{"line":78,"column":36},"end":{"line":87,"column":1}},"line":78},"11":{"name":"(anonymous_11)","decl":{"start":{"line":81,"column":15},"end":{"line":81,"column":16}},"loc":{"start":{"line":81,"column":29},"end":{"line":83,"column":3}},"line":81},"12":{"name":"ordenar","decl":{"start":{"line":95,"column":17},"end":{"line":95,"column":24}},"loc":{"start":{"line":95,"column":38},"end":{"line":102,"column":1}},"line":95},"13":{"name":"(anonymous_13)","decl":{"start":{"line":96,"column":32},"end":{"line":96,"column":33}},"loc":{"start":{"line":96,"column":40},"end":{"line":96,"column":92}},"line":96}},"branchMap":{"0":{"loc":{"start":{"line":7,"column":44},"end":{"line":7,"column":62}},"type":"default-arg","locations":[{"start":{"line":7,"column":60},"end":{"line":7,"column":62}}],"line":7},"1":{"loc":{"start":{"line":11,"column":4},"end":{"line":19,"column":5}},"type":"if","locations":[{"start":{"line":11,"column":4},"end":{"line":19,"column":5}},{"start":{"line":11,"column":4},"end":{"line":19,"column":5}}],"line":11},"2":{"loc":{"start":{"line":12,"column":6},"end":{"line":14,"column":7}},"type":"if","locations":[{"start":{"line":12,"column":6},"end":{"line":14,"column":7}},{"start":{"line":12,"column":6},"end":{"line":14,"column":7}}],"line":12},"3":{"loc":{"start":{"line":12,"column":10},"end":{"line":12,"column":114}},"type":"binary-expr","locations":[{"start":{"line":12,"column":10},"end":{"line":12,"column":43}},{"start":{"line":12,"column":47},"end":{"line":12,"column":114}}],"line":12},"4":{"loc":{"start":{"line":16,"column":6},"end":{"line":18,"column":7}},"type":"if","locations":[{"start":{"line":16,"column":6},"end":{"line":18,"column":7}},{"start":{"line":16,"column":6},"end":{"line":18,"column":7}}],"line":16},"5":{"loc":{"start":{"line":44,"column":2},"end":{"line":46,"column":7}},"type":"if","locations":[{"start":{"line":44,"column":2},"end":{"line":46,"column":7}},{"start":{"line":44,"column":2},"end":{"line":46,"column":7}}],"line":44},"6":{"loc":{"start":{"line":68,"column":34},"end":{"line":68,"column":168}},"type":"binary-expr","locations":[{"start":{"line":68,"column":34},"end":{"line":68,"column":99}},{"start":{"line":68,"column":103},"end":{"line":68,"column":168}}],"line":68},"7":{"loc":{"start":{"line":96,"column":40},"end":{"line":96,"column":92}},"type":"cond-expr","locations":[{"start":{"line":96,"column":86},"end":{"line":96,"column":87}},{"start":{"line":96,"column":90},"end":{"line":96,"column":92}}],"line":96},"8":{"loc":{"start":{"line":97,"column":2},"end":{"line":100,"column":3}},"type":"if","locations":[{"start":{"line":97,"column":2},"end":{"line":100,"column":3}},{"start":{"line":97,"column":2},"end":{"line":100,"column":3}}],"line":97}},"s":{"0":5,"1":5,"2":16,"3":8,"4":3,"5":8,"6":7,"7":5,"8":1,"9":4,"10":2,"11":2,"12":4,"13":3,"14":2,"15":1,"16":3,"17":1,"18":3,"19":1,"20":1,"21":4,"22":1,"23":1,"24":2,"25":6,"26":2,"27":1,"28":2},"f":{"0":5,"1":16,"2":1,"3":4,"4":2,"5":4,"6":1,"7":3,"8":1,"9":3,"10":1,"11":4,"12":2,"13":6},"b":{"0":[2],"1":[8,8],"2":[3,5],"3":[8,8],"4":[7,1],"5":[3,1],"6":[3,2],"7":[2,4],"8":[1,1]},"_coverageSchema":"1a1c01bbd47fc00a2c39e90264f33305004495a9","hash":"d86aef0e09b23f0894176c44d9d40271248d2e76"}
}
