TN:
SF:src/data.js
FN:7,listaDeportes
FN:9,(anonymous_1)
FN:30,filterData
FN:31,(anonymous_3)
FN:41,listaEventos
FN:43,(anonymous_5)
FN:57,filterEvento
FN:58,(anonymous_7)
FN:67,filterAtletas
FN:68,(anonymous_9)
FN:78,atletasUnicos
FN:81,(anonymous_11)
FN:95,ordenar
FN:96,(anonymous_13)
FNF:14
FNH:14
FNDA:5,listaDeportes
FNDA:16,(anonymous_1)
FNDA:1,filterData
FNDA:4,(anonymous_3)
FNDA:2,listaEventos
FNDA:4,(anonymous_5)
FNDA:1,filterEvento
FNDA:3,(anonymous_7)
FNDA:1,filterAtletas
FNDA:3,(anonymous_9)
FNDA:1,atletasUnicos
FNDA:4,(anonymous_11)
FNDA:2,ordenar
FNDA:6,(anonymous_13)
DA:8,5
DA:9,5
DA:11,16
DA:12,8
DA:13,3
DA:16,8
DA:17,7
DA:21,5
DA:31,4
DA:42,2
DA:43,2
DA:44,4
DA:45,3
DA:48,2
DA:58,3
DA:68,3
DA:79,1
DA:81,1
DA:82,4
DA:84,1
DA:86,1
DA:96,6
DA:97,2
DA:98,1
DA:101,2
LF:25
LH:25
BRDA:7,0,0,2
BRDA:11,1,0,8
BRDA:11,1,1,8
BRDA:12,2,0,3
BRDA:12,2,1,5
BRDA:12,3,0,8
BRDA:12,3,1,8
BRDA:16,4,0,7
BRDA:16,4,1,1
BRDA:44,5,0,3
BRDA:44,5,1,1
BRDA:68,6,0,3
BRDA:68,6,1,2
BRDA:96,7,0,2
BRDA:96,7,1,4
BRDA:97,8,0,1
BRDA:97,8,1,1
BRF:17
BRH:17
end_of_record
